<?xml version="1.0" encoding="UTF-8"?>
<!-- Generated by org.testng.reporters.JUnitReportReporter -->
<testsuite skipped="0" hostname="DESKTOP-8DG4RR2" name="cbt.atm.test.NewTest" tests="7" failures="0" timestamp="09 七月 2018 06:49:22 GMT" time="35.664" errors="0">
  <testcase name="f" time="5.305" classname="cbt.atm.test.NewTest"/>
  <testcase name="f" time="5.326" classname="cbt.atm.test.NewTest"/>
  <testcase name="f" time="4.759" classname="cbt.atm.test.NewTest"/>
  <testcase name="f" time="4.325" classname="cbt.atm.test.NewTest"/>
  <testcase name="f" time="5.309" classname="cbt.atm.test.NewTest"/>
  <testcase name="f" time="5.336" classname="cbt.atm.test.NewTest"/>
  <testcase name="f" time="5.304" classname="cbt.atm.test.NewTest"/>
</testsuite> <!-- cbt.atm.test.NewTest -->
